vmpicker/build/outputs/logs/manifest-merger-debug-report.txt
-- Merging decision tree log ---
manifest
ADDED from src/main/AndroidManifest.xml:1:1-40:12
INJECTED from src/main/AndroidManifest.xml:1:1-40:12
INJECTED from src/main/AndroidManifest.xml:1:1-40:12
INJECTED from src/main/AndroidManifest.xml:1:1-40:12
INJECTED from src/main/AndroidManifest.xml:1:1-40:12
INJECTED from src/main/AndroidManifest.xml:1:1-40:12
INJECTED from src/main/AndroidManifest.xml:1:1-40:12
	package
		ADDED from src/main/AndroidManifest.xml:2:5-48
		INJECTED from src/main/AndroidManifest.xml
		INJECTED from src/main/AndroidManifest.xml
	android:versionName
		INJECTED from src/main/AndroidManifest.xml
		ADDED from src/main/AndroidManifest.xml:1:1-40:12
		INJECTED from src/main/AndroidManifest.xml
	android:versionCode
		INJECTED from src/main/AndroidManifest.xml
		ADDED from src/main/AndroidManifest.xml:1:1-40:12
		INJECTED from src/main/AndroidManifest.xml
	xmlns:android
		ADDED from src/main/AndroidManifest.xml:1:11-69
uses-permission#android.permission.WRITE_EXTERNAL_STORAGE
ADDED from src/main/AndroidManifest.xml:5:5-81
	android:name
		ADDED from src/main/AndroidManifest.xml:5:22-78
uses-permission#android.permission.READ_EXTERNAL_STORAGE
ADDED from src/main/AndroidManifest.xml:7:5-80
	android:name
		ADDED from src/main/AndroidManifest.xml:7:22-77
uses-permission#android.permission.CAMERA
ADDED from src/main/AndroidManifest.xml:9:5-65
	android:name
		ADDED from src/main/AndroidManifest.xml:9:22-62
application
ADDED from src/main/AndroidManifest.xml:11:5-39:19
activity#com.vmloft.develop.library.picker.ui.VMPickGridActivity
ADDED from src/main/AndroidManifest.xml:13:9-16:46
	android:configChanges
		ADDED from src/main/AndroidManifest.xml:15:13-59
	android:theme
		ADDED from src/main/AndroidManifest.xml:16:13-43
	android:name
		ADDED from src/main/AndroidManifest.xml:14:13-50
activity#com.vmloft.develop.library.picker.ui.VMPickCropActivity
ADDED from src/main/AndroidManifest.xml:18:9-22:46
	android:hardwareAccelerated
		ADDED from src/main/AndroidManifest.xml:21:13-48
	android:configChanges
		ADDED from src/main/AndroidManifest.xml:20:13-59
	android:theme
		ADDED from src/main/AndroidManifest.xml:22:13-43
	android:name
		ADDED from src/main/AndroidManifest.xml:19:13-50
activity#com.vmloft.develop.library.picker.ui.VMPickPreviewActivity
ADDED from src/main/AndroidManifest.xml:24:9-27:58
	android:configChanges
		ADDED from src/main/AndroidManifest.xml:26:13-59
	android:theme
		ADDED from src/main/AndroidManifest.xml:27:13-55
	android:name
		ADDED from src/main/AndroidManifest.xml:25:13-53
provider#com.vmloft.develop.library.picker.VMPickerProvider
ADDED from src/main/AndroidManifest.xml:29:9-37:20
	android:grantUriPermissions
		ADDED from src/main/AndroidManifest.xml:33:13-47
	android:authorities
		ADDED from src/main/AndroidManifest.xml:31:13-60
	android:exported
		ADDED from src/main/AndroidManifest.xml:32:13-37
	android:name
		ADDED from src/main/AndroidManifest.xml:30:13-45
meta-data#android.support.FILE_PROVIDER_PATHS
ADDED from src/main/AndroidManifest.xml:34:13-36:58
	android:resource
		ADDED from src/main/AndroidManifest.xml:36:17-55
	android:name
		ADDED from src/main/AndroidManifest.xml:35:17-67
uses-sdk
INJECTED from src/main/AndroidManifest.xml reason: use-sdk injection requested
INJECTED from src/main/AndroidManifest.xml
INJECTED from src/main/AndroidManifest.xml
INJECTED from src/main/AndroidManifest.xml
INJECTED from src/main/AndroidManifest.xml
	android:targetSdkVersion
		INJECTED from src/main/AndroidManifest.xml
		ADDED from src/main/AndroidManifest.xml
		INJECTED from src/main/AndroidManifest.xml
	android:minSdkVersion
		INJECTED from src/main/AndroidManifest.xml
		ADDED from src/main/AndroidManifest.xml
		INJECTED from src/main/AndroidManifest.xml